Running: C:\Xilinx\12.4\ISE_DS\ISE\bin\nt\unwrapped\fuse.exe -intstyle ise -incremental -lib unisims_ver -lib unimacro_ver -lib xilinxcorelib_ver -o C:/Users/Donkey/Documents/My Dropbox/Homework/Classes 11(5) Spring/RBT433/Lab 4 - Seq. Detector - Hamming Code/Hamming Decoder/Hamming_Detector/hamming_tester_isim_beh.exe -prj C:/Users/Donkey/Documents/My Dropbox/Homework/Classes 11(5) Spring/RBT433/Lab 4 - Seq. Detector - Hamming Code/Hamming Decoder/Hamming_Detector/hamming_tester_beh.prj work.hamming_tester work.glbl 
ISim M.81d (signature 0xcb73ee62)
Number of CPUs detected in this system: 4
Turning on mult-threading, number of parallel sub-compilation jobs: 8 
Determining compilation order of HDL files
Analyzing Verilog file \"C:/Users/Donkey/Documents/My Dropbox/Homework/Classes 11(5) Spring/RBT433/Lab 4 - Seq. Detector - Hamming Code/Hamming Decoder/Hamming_Detector/top_module.v\" into library work
Analyzing Verilog file \"C:/Users/Donkey/Documents/My Dropbox/Homework/Classes 11(5) Spring/RBT433/Lab 4 - Seq. Detector - Hamming Code/Hamming Decoder/Hamming_Detector/hamming_tester.v\" into library work
Analyzing Verilog file \"C:/Xilinx/12.4/ISE_DS/ISE//verilog/src/glbl.v\" into library work
Starting static elaboration
Completed static elaboration
Fuse Memory Usage: 110760 KB
Fuse CPU Usage: 156 ms
Compiling module top_module
Compiling module hamming_tester
Compiling module glbl
Time Resolution for simulation is 1ps.
Waiting for 1 sub-compilation(s) to finish...
Compiled 3 Verilog Units
Built simulation executable C:/Users/Donkey/Documents/My Dropbox/Homework/Classes 11(5) Spring/RBT433/Lab 4 - Seq. Detector - Hamming Code/Hamming Decoder/Hamming_Detector/hamming_tester_isim_beh.exe
Fuse Memory Usage: 115348 KB
Fuse CPU Usage: 265 ms
